2013/06/30 17:56:18 [error] [exception.CException] exception 'CException' with message 'Не определено свойство "Helptree.".' in Z:\home\Yii\framework\base\CComponent.php:174
Stack trace:
#0 Z:\home\Yii\framework\db\ar\CActiveRecord.php(160): CComponent->__set('', '?????????? 2 Fj...')
#1 Z:\home\primus_yii2\www\protected\controllers\SiteController.php(132): CActiveRecord->__set('', '?????????? 2 Fj...')
#2 Z:\home\Yii\framework\web\actions\CInlineAction.php(50): SiteController->actionEditHelptreetitle()
#3 Z:\home\Yii\framework\web\CController.php(309): CInlineAction->runWithParams(Array)
#4 Z:\home\Yii\framework\web\CController.php(287): CController->runAction(Object(CInlineAction))
#5 Z:\home\Yii\framework\web\CController.php(266): CController->runActionWithFilters(Object(CInlineAction), Array)
#6 Z:\home\Yii\framework\web\CWebApplication.php(276): CController->run('edithelptreetit...')
#7 Z:\home\Yii\framework\web\CWebApplication.php(135): CWebApplication->runController('site/edithelptr...')
#8 Z:\home\Yii\framework\base\CApplication.php(162): CWebApplication->processRequest()
#9 Z:\home\primus_yii2\www\index.php(13): CApplication->run()
#10 {main}
REQUEST_URI=/index.php/site/edithelptreetitle
HTTP_REFERER=http://primus_yii2/index.php/site/Adminsections
---
2013/06/30 17:57:42 [error] [exception.CHttpException.404] exception 'CHttpException' with message 'Системе не удалось найти запрашиваемое действие "images".' in Z:\home\Yii\framework\web\CController.php:484
Stack trace:
#0 Z:\home\Yii\framework\web\CController.php(271): CController->missingAction('images')
#1 Z:\home\Yii\framework\web\CWebApplication.php(276): CController->run('images')
#2 Z:\home\Yii\framework\web\CWebApplication.php(135): CWebApplication->runController('helptree/images...')
#3 Z:\home\Yii\framework\base\CApplication.php(162): CWebApplication->processRequest()
#4 Z:\home\primus_yii2\www\index.php(13): CApplication->run()
#5 {main}
REQUEST_URI=/index.php/helptree/images/loading.gif
HTTP_REFERER=http://primus_yii2/index.php/helptree/index
---
2013/06/30 17:57:42 [error] [exception.CHttpException.404] exception 'CHttpException' with message 'Системе не удалось найти запрашиваемое действие "images".' in Z:\home\Yii\framework\web\CController.php:484
Stack trace:
#0 Z:\home\Yii\framework\web\CController.php(271): CController->missingAction('images')
#1 Z:\home\Yii\framework\web\CWebApplication.php(276): CController->run('images')
#2 Z:\home\Yii\framework\web\CWebApplication.php(135): CWebApplication->runController('helptree/images...')
#3 Z:\home\Yii\framework\base\CApplication.php(162): CWebApplication->processRequest()
#4 Z:\home\primus_yii2\www\index.php(13): CApplication->run()
#5 {main}
REQUEST_URI=/index.php/helptree/images/close.png
HTTP_REFERER=http://primus_yii2/index.php/helptree/index
---
2013/06/30 17:57:53 [error] [exception.CHttpException.404] exception 'CHttpException' with message 'Системе не удалось найти запрашиваемое действие "images".' in Z:\home\Yii\framework\web\CController.php:484
Stack trace:
#0 Z:\home\Yii\framework\web\CController.php(271): CController->missingAction('images')
#1 Z:\home\Yii\framework\web\CWebApplication.php(276): CController->run('images')
#2 Z:\home\Yii\framework\web\CWebApplication.php(135): CWebApplication->runController('helptree/images...')
#3 Z:\home\Yii\framework\base\CApplication.php(162): CWebApplication->processRequest()
#4 Z:\home\primus_yii2\www\index.php(13): CApplication->run()
#5 {main}
REQUEST_URI=/index.php/helptree/images/loading.gif
HTTP_REFERER=http://primus_yii2/index.php/helptree/index
---
2013/06/30 17:57:53 [error] [exception.CHttpException.404] exception 'CHttpException' with message 'Системе не удалось найти запрашиваемое действие "images".' in Z:\home\Yii\framework\web\CController.php:484
Stack trace:
#0 Z:\home\Yii\framework\web\CController.php(271): CController->missingAction('images')
#1 Z:\home\Yii\framework\web\CWebApplication.php(276): CController->run('images')
#2 Z:\home\Yii\framework\web\CWebApplication.php(135): CWebApplication->runController('helptree/images...')
#3 Z:\home\Yii\framework\base\CApplication.php(162): CWebApplication->processRequest()
#4 Z:\home\primus_yii2\www\index.php(13): CApplication->run()
#5 {main}
REQUEST_URI=/index.php/helptree/images/close.png
HTTP_REFERER=http://primus_yii2/index.php/helptree/index
---
2013/06/30 17:58:18 [error] [exception.CHttpException.404] exception 'CHttpException' with message 'Системе не удалось найти запрашиваемое действие "images".' in Z:\home\Yii\framework\web\CController.php:484
Stack trace:
#0 Z:\home\Yii\framework\web\CController.php(271): CController->missingAction('images')
#1 Z:\home\Yii\framework\web\CWebApplication.php(276): CController->run('images')
#2 Z:\home\Yii\framework\web\CWebApplication.php(135): CWebApplication->runController('helptree/images...')
#3 Z:\home\Yii\framework\base\CApplication.php(162): CWebApplication->processRequest()
#4 Z:\home\primus_yii2\www\index.php(13): CApplication->run()
#5 {main}
REQUEST_URI=/index.php/helptree/images/loading.gif
HTTP_REFERER=http://primus_yii2/index.php/helptree/index
---
2013/06/30 17:58:18 [error] [exception.CHttpException.404] exception 'CHttpException' with message 'Системе не удалось найти запрашиваемое действие "images".' in Z:\home\Yii\framework\web\CController.php:484
Stack trace:
#0 Z:\home\Yii\framework\web\CController.php(271): CController->missingAction('images')
#1 Z:\home\Yii\framework\web\CWebApplication.php(276): CController->run('images')
#2 Z:\home\Yii\framework\web\CWebApplication.php(135): CWebApplication->runController('helptree/images...')
#3 Z:\home\Yii\framework\base\CApplication.php(162): CWebApplication->processRequest()
#4 Z:\home\primus_yii2\www\index.php(13): CApplication->run()
#5 {main}
REQUEST_URI=/index.php/helptree/images/close.png
HTTP_REFERER=http://primus_yii2/index.php/helptree/index
---
2013/06/30 17:58:20 [error] [exception.CHttpException.404] exception 'CHttpException' with message 'Системе не удалось найти запрашиваемое действие "images".' in Z:\home\Yii\framework\web\CController.php:484
Stack trace:
#0 Z:\home\Yii\framework\web\CController.php(271): CController->missingAction('images')
#1 Z:\home\Yii\framework\web\CWebApplication.php(276): CController->run('images')
#2 Z:\home\Yii\framework\web\CWebApplication.php(135): CWebApplication->runController('trainingtree/im...')
#3 Z:\home\Yii\framework\base\CApplication.php(162): CWebApplication->processRequest()
#4 Z:\home\primus_yii2\www\index.php(13): CApplication->run()
#5 {main}
REQUEST_URI=/index.php/trainingtree/images/loading.gif
HTTP_REFERER=http://primus_yii2/index.php/trainingtree/index
---
2013/06/30 17:58:20 [error] [exception.CHttpException.404] exception 'CHttpException' with message 'Системе не удалось найти запрашиваемое действие "images".' in Z:\home\Yii\framework\web\CController.php:484
Stack trace:
#0 Z:\home\Yii\framework\web\CController.php(271): CController->missingAction('images')
#1 Z:\home\Yii\framework\web\CWebApplication.php(276): CController->run('images')
#2 Z:\home\Yii\framework\web\CWebApplication.php(135): CWebApplication->runController('trainingtree/im...')
#3 Z:\home\Yii\framework\base\CApplication.php(162): CWebApplication->processRequest()
#4 Z:\home\primus_yii2\www\index.php(13): CApplication->run()
#5 {main}
REQUEST_URI=/index.php/trainingtree/images/close.png
HTTP_REFERER=http://primus_yii2/index.php/trainingtree/index
---
2013/06/30 18:09:41 [error] [exception.CException] exception 'CException' with message 'Не определено свойство "TbEditableColumn.title".' in Z:\home\Yii\framework\base\CComponent.php:174
Stack trace:
#0 Z:\home\Yii\framework\YiiBase.php(222): CComponent->__set('title', '?????????????? ...')
#1 Z:\home\Yii\framework\zii\widgets\grid\CGridView.php(313): YiiBase::createComponent(Array, Object(CGridView))
#2 Z:\home\Yii\framework\zii\widgets\grid\CGridView.php(284): CGridView->initColumns()
#3 Z:\home\Yii\framework\web\CBaseController.php(148): CGridView->init()
#4 Z:\home\Yii\framework\web\CBaseController.php(173): CBaseController->createWidget('zii.widgets.gri...', Array)
#5 Z:\home\primus_yii2\www\protected\views\site\adminhelptree.php(45): CBaseController->widget('zii.widgets.gri...', Array)
#6 Z:\home\Yii\framework\web\CBaseController.php(127): require('Z:\home\primus_...')
#7 Z:\home\Yii\framework\web\CBaseController.php(96): CBaseController->renderInternal('Z:\home\primus_...', Array, true)
#8 Z:\home\Yii\framework\web\CController.php(870): CBaseController->renderFile('Z:\home\primus_...', Array, true)
#9 Z:\home\primus_yii2\www\protected\views\site\adminsectionsview.php(8): CController->renderPartial('adminhelptree', Array)
#10 Z:\home\Yii\framework\web\CBaseController.php(127): require('Z:\home\primus_...')
#11 Z:\home\Yii\framework\web\CBaseController.php(96): CBaseController->renderInternal('Z:\home\primus_...', Array, true)
#12 Z:\home\Yii\framework\web\CController.php(870): CBaseController->renderFile('Z:\home\primus_...', Array, true)
#13 Z:\home\Yii\framework\web\CController.php(783): CController->renderPartial('adminsectionsvi...', Array, true)
#14 Z:\home\primus_yii2\www\protected\controllers\SiteController.php(214): CController->render('adminsectionsvi...', Array)
#15 Z:\home\Yii\framework\web\actions\CInlineAction.php(50): SiteController->actionAdminsections()
#16 Z:\home\Yii\framework\web\CController.php(309): CInlineAction->runWithParams(Array)
#17 Z:\home\Yii\framework\web\CController.php(287): CController->runAction(Object(CInlineAction))
#18 Z:\home\Yii\framework\web\CController.php(266): CController->runActionWithFilters(Object(CInlineAction), Array)
#19 Z:\home\Yii\framework\web\CWebApplication.php(276): CController->run('Adminsections')
#20 Z:\home\Yii\framework\web\CWebApplication.php(135): CWebApplication->runController('site/Adminsecti...')
#21 Z:\home\Yii\framework\base\CApplication.php(162): CWebApplication->processRequest()
#22 Z:\home\primus_yii2\www\index.php(13): CApplication->run()
#23 {main}
REQUEST_URI=/index.php/site/Adminsections
HTTP_REFERER=http://primus_yii2/index.php/site/admin
---
2013/06/30 18:10:26 [error] [exception.CException] exception 'CException' with message 'Не определено свойство "TbEditableColumn.options".' in Z:\home\Yii\framework\base\CComponent.php:174
Stack trace:
#0 Z:\home\Yii\framework\YiiBase.php(222): CComponent->__set('options', Array)
#1 Z:\home\Yii\framework\zii\widgets\grid\CGridView.php(313): YiiBase::createComponent(Array, Object(CGridView))
#2 Z:\home\Yii\framework\zii\widgets\grid\CGridView.php(284): CGridView->initColumns()
#3 Z:\home\Yii\framework\web\CBaseController.php(148): CGridView->init()
#4 Z:\home\Yii\framework\web\CBaseController.php(173): CBaseController->createWidget('zii.widgets.gri...', Array)
#5 Z:\home\primus_yii2\www\protected\views\site\adminhelptree.php(45): CBaseController->widget('zii.widgets.gri...', Array)
#6 Z:\home\Yii\framework\web\CBaseController.php(127): require('Z:\home\primus_...')
#7 Z:\home\Yii\framework\web\CBaseController.php(96): CBaseController->renderInternal('Z:\home\primus_...', Array, true)
#8 Z:\home\Yii\framework\web\CController.php(870): CBaseController->renderFile('Z:\home\primus_...', Array, true)
#9 Z:\home\primus_yii2\www\protected\views\site\adminsectionsview.php(8): CController->renderPartial('adminhelptree', Array)
#10 Z:\home\Yii\framework\web\CBaseController.php(127): require('Z:\home\primus_...')
#11 Z:\home\Yii\framework\web\CBaseController.php(96): CBaseController->renderInternal('Z:\home\primus_...', Array, true)
#12 Z:\home\Yii\framework\web\CController.php(870): CBaseController->renderFile('Z:\home\primus_...', Array, true)
#13 Z:\home\Yii\framework\web\CController.php(783): CController->renderPartial('adminsectionsvi...', Array, true)
#14 Z:\home\primus_yii2\www\protected\controllers\SiteController.php(214): CController->render('adminsectionsvi...', Array)
#15 Z:\home\Yii\framework\web\actions\CInlineAction.php(50): SiteController->actionAdminsections()
#16 Z:\home\Yii\framework\web\CController.php(309): CInlineAction->runWithParams(Array)
#17 Z:\home\Yii\framework\web\CController.php(287): CController->runAction(Object(CInlineAction))
#18 Z:\home\Yii\framework\web\CController.php(266): CController->runActionWithFilters(Object(CInlineAction), Array)
#19 Z:\home\Yii\framework\web\CWebApplication.php(276): CController->run('Adminsections')
#20 Z:\home\Yii\framework\web\CWebApplication.php(135): CWebApplication->runController('site/Adminsecti...')
#21 Z:\home\Yii\framework\base\CApplication.php(162): CWebApplication->processRequest()
#22 Z:\home\primus_yii2\www\index.php(13): CApplication->run()
#23 {main}
REQUEST_URI=/index.php/site/Adminsections
HTTP_REFERER=http://primus_yii2/index.php/site/admin
---
2013/06/30 18:19:00 [error] [exception.CHttpException.404] exception 'CHttpException' with message 'Системе не удалось найти запрашиваемое действие "images".' in Z:\home\Yii\framework\web\CController.php:484
Stack trace:
#0 Z:\home\Yii\framework\web\CController.php(271): CController->missingAction('images')
#1 Z:\home\Yii\framework\web\CWebApplication.php(276): CController->run('images')
#2 Z:\home\Yii\framework\web\CWebApplication.php(135): CWebApplication->runController('helptree/images...')
#3 Z:\home\Yii\framework\base\CApplication.php(162): CWebApplication->processRequest()
#4 Z:\home\primus_yii2\www\index.php(13): CApplication->run()
#5 {main}
REQUEST_URI=/index.php/helptree/images/loading.gif
HTTP_REFERER=http://primus_yii2/index.php/helptree/index
---
2013/06/30 18:19:00 [error] [exception.CHttpException.404] exception 'CHttpException' with message 'Системе не удалось найти запрашиваемое действие "images".' in Z:\home\Yii\framework\web\CController.php:484
Stack trace:
#0 Z:\home\Yii\framework\web\CController.php(271): CController->missingAction('images')
#1 Z:\home\Yii\framework\web\CWebApplication.php(276): CController->run('images')
#2 Z:\home\Yii\framework\web\CWebApplication.php(135): CWebApplication->runController('helptree/images...')
#3 Z:\home\Yii\framework\base\CApplication.php(162): CWebApplication->processRequest()
#4 Z:\home\primus_yii2\www\index.php(13): CApplication->run()
#5 {main}
REQUEST_URI=/index.php/helptree/images/close.png
HTTP_REFERER=http://primus_yii2/index.php/helptree/index
---
2013/06/30 18:46:32 [error] [exception.CHttpException.404] exception 'CHttpException' with message 'Системе не удалось найти запрашиваемое действие "images".' in Z:\home\Yii\framework\web\CController.php:484
Stack trace:
#0 Z:\home\Yii\framework\web\CController.php(271): CController->missingAction('images')
#1 Z:\home\Yii\framework\web\CWebApplication.php(276): CController->run('images')
#2 Z:\home\Yii\framework\web\CWebApplication.php(135): CWebApplication->runController('helptree/images...')
#3 Z:\home\Yii\framework\base\CApplication.php(162): CWebApplication->processRequest()
#4 Z:\home\primus_yii2\www\index.php(13): CApplication->run()
#5 {main}
REQUEST_URI=/index.php/helptree/images/loading.gif
HTTP_REFERER=http://primus_yii2/index.php/helptree/index
---
2013/06/30 18:46:32 [error] [exception.CHttpException.404] exception 'CHttpException' with message 'Системе не удалось найти запрашиваемое действие "images".' in Z:\home\Yii\framework\web\CController.php:484
Stack trace:
#0 Z:\home\Yii\framework\web\CController.php(271): CController->missingAction('images')
#1 Z:\home\Yii\framework\web\CWebApplication.php(276): CController->run('images')
#2 Z:\home\Yii\framework\web\CWebApplication.php(135): CWebApplication->runController('helptree/images...')
#3 Z:\home\Yii\framework\base\CApplication.php(162): CWebApplication->processRequest()
#4 Z:\home\primus_yii2\www\index.php(13): CApplication->run()
#5 {main}
REQUEST_URI=/index.php/helptree/images/close.png
HTTP_REFERER=http://primus_yii2/index.php/helptree/index
---
2013/06/30 18:46:48 [warning] [application] Не удалось присвоить небезопасный атрибут "htmlfield" класса "Helptree".
in Z:\home\primus_yii2\www\protected\controllers\HelptreeController.php (79)
in Z:\home\primus_yii2\www\index.php (13)
2013/06/30 18:46:48 [warning] [application] Не удалось присвоить небезопасный атрибут "etype" класса "Helptree".
in Z:\home\primus_yii2\www\protected\controllers\HelptreeController.php (79)
in Z:\home\primus_yii2\www\index.php (13)
2013/06/30 18:46:50 [error] [exception.CHttpException.404] exception 'CHttpException' with message 'Системе не удалось найти запрашиваемое действие "images".' in Z:\home\Yii\framework\web\CController.php:484
Stack trace:
#0 Z:\home\Yii\framework\web\CController.php(271): CController->missingAction('images')
#1 Z:\home\Yii\framework\web\CWebApplication.php(276): CController->run('images')
#2 Z:\home\Yii\framework\web\CWebApplication.php(135): CWebApplication->runController('helptree/images...')
#3 Z:\home\Yii\framework\base\CApplication.php(162): CWebApplication->processRequest()
#4 Z:\home\primus_yii2\www\index.php(13): CApplication->run()
#5 {main}
REQUEST_URI=/index.php/helptree/images/loading.gif
HTTP_REFERER=http://primus_yii2/index.php/helptree/index
---
2013/06/30 18:46:50 [error] [exception.CHttpException.404] exception 'CHttpException' with message 'Системе не удалось найти запрашиваемое действие "images".' in Z:\home\Yii\framework\web\CController.php:484
Stack trace:
#0 Z:\home\Yii\framework\web\CController.php(271): CController->missingAction('images')
#1 Z:\home\Yii\framework\web\CWebApplication.php(276): CController->run('images')
#2 Z:\home\Yii\framework\web\CWebApplication.php(135): CWebApplication->runController('helptree/images...')
#3 Z:\home\Yii\framework\base\CApplication.php(162): CWebApplication->processRequest()
#4 Z:\home\primus_yii2\www\index.php(13): CApplication->run()
#5 {main}
REQUEST_URI=/index.php/helptree/images/close.png
HTTP_REFERER=http://primus_yii2/index.php/helptree/index
---
2013/06/30 18:47:15 [error] [exception.CHttpException.404] exception 'CHttpException' with message 'Системе не удалось найти запрашиваемое действие "deletehelptreetitle".' in Z:\home\Yii\framework\web\CController.php:484
Stack trace:
#0 Z:\home\Yii\framework\web\CController.php(271): CController->missingAction('deletehelptreet...')
#1 Z:\home\Yii\framework\web\CWebApplication.php(276): CController->run('deletehelptreet...')
#2 Z:\home\Yii\framework\web\CWebApplication.php(135): CWebApplication->runController('site/deletehelp...')
#3 Z:\home\Yii\framework\base\CApplication.php(162): CWebApplication->processRequest()
#4 Z:\home\primus_yii2\www\index.php(13): CApplication->run()
#5 {main}
REQUEST_URI=/index.php/site/deletehelptreetitle/28?ajax=grid
HTTP_REFERER=http://primus_yii2/index.php/site/Adminsections
---
2013/06/30 18:47:59 [error] [exception.CHttpException.404] exception 'CHttpException' with message 'Системе не удалось найти запрашиваемое действие "images".' in Z:\home\Yii\framework\web\CController.php:484
Stack trace:
#0 Z:\home\Yii\framework\web\CController.php(271): CController->missingAction('images')
#1 Z:\home\Yii\framework\web\CWebApplication.php(276): CController->run('images')
#2 Z:\home\Yii\framework\web\CWebApplication.php(135): CWebApplication->runController('helptree/images...')
#3 Z:\home\Yii\framework\base\CApplication.php(162): CWebApplication->processRequest()
#4 Z:\home\primus_yii2\www\index.php(13): CApplication->run()
#5 {main}
REQUEST_URI=/index.php/helptree/images/close.png
HTTP_REFERER=http://primus_yii2/index.php/helptree/index
---
2013/06/30 18:47:59 [error] [exception.CHttpException.404] exception 'CHttpException' with message 'Системе не удалось найти запрашиваемое действие "images".' in Z:\home\Yii\framework\web\CController.php:484
Stack trace:
#0 Z:\home\Yii\framework\web\CController.php(271): CController->missingAction('images')
#1 Z:\home\Yii\framework\web\CWebApplication.php(276): CController->run('images')
#2 Z:\home\Yii\framework\web\CWebApplication.php(135): CWebApplication->runController('helptree/images...')
#3 Z:\home\Yii\framework\base\CApplication.php(162): CWebApplication->processRequest()
#4 Z:\home\primus_yii2\www\index.php(13): CApplication->run()
#5 {main}
REQUEST_URI=/index.php/helptree/images/loading.gif
HTTP_REFERER=http://primus_yii2/index.php/helptree/index
---
2013/06/30 18:49:02 [error] [exception.CHttpException.404] exception 'CHttpException' with message 'Системе не удалось найти запрашиваемое действие "images".' in Z:\home\Yii\framework\web\CController.php:484
Stack trace:
#0 Z:\home\Yii\framework\web\CController.php(271): CController->missingAction('images')
#1 Z:\home\Yii\framework\web\CWebApplication.php(276): CController->run('images')
#2 Z:\home\Yii\framework\web\CWebApplication.php(135): CWebApplication->runController('helptree/images...')
#3 Z:\home\Yii\framework\base\CApplication.php(162): CWebApplication->processRequest()
#4 Z:\home\primus_yii2\www\index.php(13): CApplication->run()
#5 {main}
REQUEST_URI=/index.php/helptree/images/close.png
HTTP_REFERER=http://primus_yii2/index.php/helptree/index
---
2013/06/30 18:49:02 [error] [exception.CHttpException.404] exception 'CHttpException' with message 'Системе не удалось найти запрашиваемое действие "images".' in Z:\home\Yii\framework\web\CController.php:484
Stack trace:
#0 Z:\home\Yii\framework\web\CController.php(271): CController->missingAction('images')
#1 Z:\home\Yii\framework\web\CWebApplication.php(276): CController->run('images')
#2 Z:\home\Yii\framework\web\CWebApplication.php(135): CWebApplication->runController('helptree/images...')
#3 Z:\home\Yii\framework\base\CApplication.php(162): CWebApplication->processRequest()
#4 Z:\home\primus_yii2\www\index.php(13): CApplication->run()
#5 {main}
REQUEST_URI=/index.php/helptree/images/loading.gif
HTTP_REFERER=http://primus_yii2/index.php/helptree/index
---
2013/06/30 19:12:57 [error] [exception.CHttpException.404] exception 'CHttpException' with message 'Системе не удалось найти запрашиваемое действие "images".' in Z:\home\Yii\framework\web\CController.php:484
Stack trace:
#0 Z:\home\Yii\framework\web\CController.php(271): CController->missingAction('images')
#1 Z:\home\Yii\framework\web\CWebApplication.php(276): CController->run('images')
#2 Z:\home\Yii\framework\web\CWebApplication.php(135): CWebApplication->runController('helptree/images...')
#3 Z:\home\Yii\framework\base\CApplication.php(162): CWebApplication->processRequest()
#4 Z:\home\primus_yii2\www\index.php(13): CApplication->run()
#5 {main}
REQUEST_URI=/index.php/helptree/images/loading.gif
HTTP_REFERER=http://primus_yii2/index.php/helptree/index
---
2013/06/30 19:12:57 [error] [exception.CHttpException.404] exception 'CHttpException' with message 'Системе не удалось найти запрашиваемое действие "images".' in Z:\home\Yii\framework\web\CController.php:484
Stack trace:
#0 Z:\home\Yii\framework\web\CController.php(271): CController->missingAction('images')
#1 Z:\home\Yii\framework\web\CWebApplication.php(276): CController->run('images')
#2 Z:\home\Yii\framework\web\CWebApplication.php(135): CWebApplication->runController('helptree/images...')
#3 Z:\home\Yii\framework\base\CApplication.php(162): CWebApplication->processRequest()
#4 Z:\home\primus_yii2\www\index.php(13): CApplication->run()
#5 {main}
REQUEST_URI=/index.php/helptree/images/close.png
HTTP_REFERER=http://primus_yii2/index.php/helptree/index
---
2013/06/30 19:13:06 [error] [exception.CHttpException.404] exception 'CHttpException' with message 'Системе не удалось найти запрашиваемое действие "images".' in Z:\home\Yii\framework\web\CController.php:484
Stack trace:
#0 Z:\home\Yii\framework\web\CController.php(271): CController->missingAction('images')
#1 Z:\home\Yii\framework\web\CWebApplication.php(276): CController->run('images')
#2 Z:\home\Yii\framework\web\CWebApplication.php(135): CWebApplication->runController('helptree/images...')
#3 Z:\home\Yii\framework\base\CApplication.php(162): CWebApplication->processRequest()
#4 Z:\home\primus_yii2\www\index.php(13): CApplication->run()
#5 {main}
REQUEST_URI=/index.php/helptree/images/loading.gif
HTTP_REFERER=http://primus_yii2/index.php/helptree/index
---
2013/06/30 19:13:06 [error] [exception.CHttpException.404] exception 'CHttpException' with message 'Системе не удалось найти запрашиваемое действие "images".' in Z:\home\Yii\framework\web\CController.php:484
Stack trace:
#0 Z:\home\Yii\framework\web\CController.php(271): CController->missingAction('images')
#1 Z:\home\Yii\framework\web\CWebApplication.php(276): CController->run('images')
#2 Z:\home\Yii\framework\web\CWebApplication.php(135): CWebApplication->runController('helptree/images...')
#3 Z:\home\Yii\framework\base\CApplication.php(162): CWebApplication->processRequest()
#4 Z:\home\primus_yii2\www\index.php(13): CApplication->run()
#5 {main}
REQUEST_URI=/index.php/helptree/images/close.png
HTTP_REFERER=http://primus_yii2/index.php/helptree/index
---
2013/06/30 19:13:10 [error] [exception.CHttpException.404] exception 'CHttpException' with message 'Системе не удалось найти запрашиваемое действие "images".' in Z:\home\Yii\framework\web\CController.php:484
Stack trace:
#0 Z:\home\Yii\framework\web\CController.php(271): CController->missingAction('images')
#1 Z:\home\Yii\framework\web\CWebApplication.php(276): CController->run('images')
#2 Z:\home\Yii\framework\web\CWebApplication.php(135): CWebApplication->runController('trainingtree/im...')
#3 Z:\home\Yii\framework\base\CApplication.php(162): CWebApplication->processRequest()
#4 Z:\home\primus_yii2\www\index.php(13): CApplication->run()
#5 {main}
REQUEST_URI=/index.php/trainingtree/images/loading.gif
HTTP_REFERER=http://primus_yii2/index.php/trainingtree/index
---
2013/06/30 19:13:10 [error] [exception.CHttpException.404] exception 'CHttpException' with message 'Системе не удалось найти запрашиваемое действие "images".' in Z:\home\Yii\framework\web\CController.php:484
Stack trace:
#0 Z:\home\Yii\framework\web\CController.php(271): CController->missingAction('images')
#1 Z:\home\Yii\framework\web\CWebApplication.php(276): CController->run('images')
#2 Z:\home\Yii\framework\web\CWebApplication.php(135): CWebApplication->runController('trainingtree/im...')
#3 Z:\home\Yii\framework\base\CApplication.php(162): CWebApplication->processRequest()
#4 Z:\home\primus_yii2\www\index.php(13): CApplication->run()
#5 {main}
REQUEST_URI=/index.php/trainingtree/images/close.png
HTTP_REFERER=http://primus_yii2/index.php/trainingtree/index
---
2013/06/30 19:16:18 [error] [exception.CHttpException.400] exception 'CHttpException' with message 'Некорректный запрос.' in Z:\home\Yii\framework\web\CController.php:337
Stack trace:
#0 Z:\home\Yii\framework\web\CController.php(310): CController->invalidActionParams(Object(CInlineAction))
#1 Z:\home\Yii\framework\web\filters\CFilterChain.php(134): CController->runAction(Object(CInlineAction))
#2 Z:\home\Yii\framework\web\filters\CFilter.php(41): CFilterChain->run()
#3 Z:\home\Yii\framework\web\CController.php(1146): CFilter->filter(Object(CFilterChain))
#4 Z:\home\Yii\framework\web\filters\CInlineFilter.php(59): CController->filterAccessControl(Object(CFilterChain))
#5 Z:\home\Yii\framework\web\filters\CFilterChain.php(131): CInlineFilter->filter(Object(CFilterChain))
#6 Z:\home\Yii\framework\web\CController.php(292): CFilterChain->run()
#7 Z:\home\Yii\framework\web\CController.php(266): CController->runActionWithFilters(Object(CInlineAction), Array)
#8 Z:\home\Yii\framework\web\CWebApplication.php(276): CController->run('keepAliveStatus')
#9 Z:\home\Yii\framework\web\CWebApplication.php(135): CWebApplication->runController('helptree/keepAl...')
#10 Z:\home\Yii\framework\base\CApplication.php(162): CWebApplication->processRequest()
#11 Z:\home\primus_yii2\www\index.php(13): CApplication->run()
#12 {main}
REQUEST_URI=/index.php/helptree/keepAliveStatus
HTTP_REFERER=http://primus_yii2/index.php/user/profile
---
2013/06/30 19:17:18 [error] [exception.CHttpException.400] exception 'CHttpException' with message 'Некорректный запрос.' in Z:\home\Yii\framework\web\CController.php:337
Stack trace:
#0 Z:\home\Yii\framework\web\CController.php(310): CController->invalidActionParams(Object(CInlineAction))
#1 Z:\home\Yii\framework\web\filters\CFilterChain.php(134): CController->runAction(Object(CInlineAction))
#2 Z:\home\Yii\framework\web\filters\CFilter.php(41): CFilterChain->run()
#3 Z:\home\Yii\framework\web\CController.php(1146): CFilter->filter(Object(CFilterChain))
#4 Z:\home\Yii\framework\web\filters\CInlineFilter.php(59): CController->filterAccessControl(Object(CFilterChain))
#5 Z:\home\Yii\framework\web\filters\CFilterChain.php(131): CInlineFilter->filter(Object(CFilterChain))
#6 Z:\home\Yii\framework\web\CController.php(292): CFilterChain->run()
#7 Z:\home\Yii\framework\web\CController.php(266): CController->runActionWithFilters(Object(CInlineAction), Array)
#8 Z:\home\Yii\framework\web\CWebApplication.php(276): CController->run('keepAliveStatus')
#9 Z:\home\Yii\framework\web\CWebApplication.php(135): CWebApplication->runController('helptree/keepAl...')
#10 Z:\home\Yii\framework\base\CApplication.php(162): CWebApplication->processRequest()
#11 Z:\home\primus_yii2\www\index.php(13): CApplication->run()
#12 {main}
REQUEST_URI=/index.php/helptree/keepAliveStatus
HTTP_REFERER=http://primus_yii2/index.php/user/profile
---
2013/06/30 19:18:18 [error] [exception.CHttpException.400] exception 'CHttpException' with message 'Некорректный запрос.' in Z:\home\Yii\framework\web\CController.php:337
Stack trace:
#0 Z:\home\Yii\framework\web\CController.php(310): CController->invalidActionParams(Object(CInlineAction))
#1 Z:\home\Yii\framework\web\filters\CFilterChain.php(134): CController->runAction(Object(CInlineAction))
#2 Z:\home\Yii\framework\web\filters\CFilter.php(41): CFilterChain->run()
#3 Z:\home\Yii\framework\web\CController.php(1146): CFilter->filter(Object(CFilterChain))
#4 Z:\home\Yii\framework\web\filters\CInlineFilter.php(59): CController->filterAccessControl(Object(CFilterChain))
#5 Z:\home\Yii\framework\web\filters\CFilterChain.php(131): CInlineFilter->filter(Object(CFilterChain))
#6 Z:\home\Yii\framework\web\CController.php(292): CFilterChain->run()
#7 Z:\home\Yii\framework\web\CController.php(266): CController->runActionWithFilters(Object(CInlineAction), Array)
#8 Z:\home\Yii\framework\web\CWebApplication.php(276): CController->run('keepAliveStatus')
#9 Z:\home\Yii\framework\web\CWebApplication.php(135): CWebApplication->runController('helptree/keepAl...')
#10 Z:\home\Yii\framework\base\CApplication.php(162): CWebApplication->processRequest()
#11 Z:\home\primus_yii2\www\index.php(13): CApplication->run()
#12 {main}
REQUEST_URI=/index.php/helptree/keepAliveStatus
HTTP_REFERER=http://primus_yii2/index.php/user/profile
---
2013/06/30 19:19:18 [error] [exception.CHttpException.400] exception 'CHttpException' with message 'Некорректный запрос.' in Z:\home\Yii\framework\web\CController.php:337
Stack trace:
#0 Z:\home\Yii\framework\web\CController.php(310): CController->invalidActionParams(Object(CInlineAction))
#1 Z:\home\Yii\framework\web\filters\CFilterChain.php(134): CController->runAction(Object(CInlineAction))
#2 Z:\home\Yii\framework\web\filters\CFilter.php(41): CFilterChain->run()
#3 Z:\home\Yii\framework\web\CController.php(1146): CFilter->filter(Object(CFilterChain))
#4 Z:\home\Yii\framework\web\filters\CInlineFilter.php(59): CController->filterAccessControl(Object(CFilterChain))
#5 Z:\home\Yii\framework\web\filters\CFilterChain.php(131): CInlineFilter->filter(Object(CFilterChain))
#6 Z:\home\Yii\framework\web\CController.php(292): CFilterChain->run()
#7 Z:\home\Yii\framework\web\CController.php(266): CController->runActionWithFilters(Object(CInlineAction), Array)
#8 Z:\home\Yii\framework\web\CWebApplication.php(276): CController->run('keepAliveStatus')
#9 Z:\home\Yii\framework\web\CWebApplication.php(135): CWebApplication->runController('helptree/keepAl...')
#10 Z:\home\Yii\framework\base\CApplication.php(162): CWebApplication->processRequest()
#11 Z:\home\primus_yii2\www\index.php(13): CApplication->run()
#12 {main}
REQUEST_URI=/index.php/helptree/keepAliveStatus
HTTP_REFERER=http://primus_yii2/index.php/user/profile
---
2013/06/30 19:20:18 [error] [exception.CHttpException.400] exception 'CHttpException' with message 'Некорректный запрос.' in Z:\home\Yii\framework\web\CController.php:337
Stack trace:
#0 Z:\home\Yii\framework\web\CController.php(310): CController->invalidActionParams(Object(CInlineAction))
#1 Z:\home\Yii\framework\web\filters\CFilterChain.php(134): CController->runAction(Object(CInlineAction))
#2 Z:\home\Yii\framework\web\filters\CFilter.php(41): CFilterChain->run()
#3 Z:\home\Yii\framework\web\CController.php(1146): CFilter->filter(Object(CFilterChain))
#4 Z:\home\Yii\framework\web\filters\CInlineFilter.php(59): CController->filterAccessControl(Object(CFilterChain))
#5 Z:\home\Yii\framework\web\filters\CFilterChain.php(131): CInlineFilter->filter(Object(CFilterChain))
#6 Z:\home\Yii\framework\web\CController.php(292): CFilterChain->run()
#7 Z:\home\Yii\framework\web\CController.php(266): CController->runActionWithFilters(Object(CInlineAction), Array)
#8 Z:\home\Yii\framework\web\CWebApplication.php(276): CController->run('keepAliveStatus')
#9 Z:\home\Yii\framework\web\CWebApplication.php(135): CWebApplication->runController('helptree/keepAl...')
#10 Z:\home\Yii\framework\base\CApplication.php(162): CWebApplication->processRequest()
#11 Z:\home\primus_yii2\www\index.php(13): CApplication->run()
#12 {main}
REQUEST_URI=/index.php/helptree/keepAliveStatus
HTTP_REFERER=http://primus_yii2/index.php/user/profile
---
2013/06/30 19:21:18 [error] [exception.CHttpException.400] exception 'CHttpException' with message 'Некорректный запрос.' in Z:\home\Yii\framework\web\CController.php:337
Stack trace:
#0 Z:\home\Yii\framework\web\CController.php(310): CController->invalidActionParams(Object(CInlineAction))
#1 Z:\home\Yii\framework\web\filters\CFilterChain.php(134): CController->runAction(Object(CInlineAction))
#2 Z:\home\Yii\framework\web\filters\CFilter.php(41): CFilterChain->run()
#3 Z:\home\Yii\framework\web\CController.php(1146): CFilter->filter(Object(CFilterChain))
#4 Z:\home\Yii\framework\web\filters\CInlineFilter.php(59): CController->filterAccessControl(Object(CFilterChain))
#5 Z:\home\Yii\framework\web\filters\CFilterChain.php(131): CInlineFilter->filter(Object(CFilterChain))
#6 Z:\home\Yii\framework\web\CController.php(292): CFilterChain->run()
#7 Z:\home\Yii\framework\web\CController.php(266): CController->runActionWithFilters(Object(CInlineAction), Array)
#8 Z:\home\Yii\framework\web\CWebApplication.php(276): CController->run('keepAliveStatus')
#9 Z:\home\Yii\framework\web\CWebApplication.php(135): CWebApplication->runController('helptree/keepAl...')
#10 Z:\home\Yii\framework\base\CApplication.php(162): CWebApplication->processRequest()
#11 Z:\home\primus_yii2\www\index.php(13): CApplication->run()
#12 {main}
REQUEST_URI=/index.php/helptree/keepAliveStatus
HTTP_REFERER=http://primus_yii2/index.php/user/profile
---
2013/06/30 19:22:18 [error] [exception.CHttpException.400] exception 'CHttpException' with message 'Некорректный запрос.' in Z:\home\Yii\framework\web\CController.php:337
Stack trace:
#0 Z:\home\Yii\framework\web\CController.php(310): CController->invalidActionParams(Object(CInlineAction))
#1 Z:\home\Yii\framework\web\filters\CFilterChain.php(134): CController->runAction(Object(CInlineAction))
#2 Z:\home\Yii\framework\web\filters\CFilter.php(41): CFilterChain->run()
#3 Z:\home\Yii\framework\web\CController.php(1146): CFilter->filter(Object(CFilterChain))
#4 Z:\home\Yii\framework\web\filters\CInlineFilter.php(59): CController->filterAccessControl(Object(CFilterChain))
#5 Z:\home\Yii\framework\web\filters\CFilterChain.php(131): CInlineFilter->filter(Object(CFilterChain))
#6 Z:\home\Yii\framework\web\CController.php(292): CFilterChain->run()
#7 Z:\home\Yii\framework\web\CController.php(266): CController->runActionWithFilters(Object(CInlineAction), Array)
#8 Z:\home\Yii\framework\web\CWebApplication.php(276): CController->run('keepAliveStatus')
#9 Z:\home\Yii\framework\web\CWebApplication.php(135): CWebApplication->runController('helptree/keepAl...')
#10 Z:\home\Yii\framework\base\CApplication.php(162): CWebApplication->processRequest()
#11 Z:\home\primus_yii2\www\index.php(13): CApplication->run()
#12 {main}
REQUEST_URI=/index.php/helptree/keepAliveStatus
HTTP_REFERER=http://primus_yii2/index.php/user/profile
---
2013/06/30 19:23:18 [error] [exception.CHttpException.400] exception 'CHttpException' with message 'Некорректный запрос.' in Z:\home\Yii\framework\web\CController.php:337
Stack trace:
#0 Z:\home\Yii\framework\web\CController.php(310): CController->invalidActionParams(Object(CInlineAction))
#1 Z:\home\Yii\framework\web\filters\CFilterChain.php(134): CController->runAction(Object(CInlineAction))
#2 Z:\home\Yii\framework\web\filters\CFilter.php(41): CFilterChain->run()
#3 Z:\home\Yii\framework\web\CController.php(1146): CFilter->filter(Object(CFilterChain))
#4 Z:\home\Yii\framework\web\filters\CInlineFilter.php(59): CController->filterAccessControl(Object(CFilterChain))
#5 Z:\home\Yii\framework\web\filters\CFilterChain.php(131): CInlineFilter->filter(Object(CFilterChain))
#6 Z:\home\Yii\framework\web\CController.php(292): CFilterChain->run()
#7 Z:\home\Yii\framework\web\CController.php(266): CController->runActionWithFilters(Object(CInlineAction), Array)
#8 Z:\home\Yii\framework\web\CWebApplication.php(276): CController->run('keepAliveStatus')
#9 Z:\home\Yii\framework\web\CWebApplication.php(135): CWebApplication->runController('helptree/keepAl...')
#10 Z:\home\Yii\framework\base\CApplication.php(162): CWebApplication->processRequest()
#11 Z:\home\primus_yii2\www\index.php(13): CApplication->run()
#12 {main}
REQUEST_URI=/index.php/helptree/keepAliveStatus
HTTP_REFERER=http://primus_yii2/index.php/user/profile
---
2013/06/30 19:24:18 [error] [exception.CHttpException.400] exception 'CHttpException' with message 'Некорректный запрос.' in Z:\home\Yii\framework\web\CController.php:337
Stack trace:
#0 Z:\home\Yii\framework\web\CController.php(310): CController->invalidActionParams(Object(CInlineAction))
#1 Z:\home\Yii\framework\web\filters\CFilterChain.php(134): CController->runAction(Object(CInlineAction))
#2 Z:\home\Yii\framework\web\filters\CFilter.php(41): CFilterChain->run()
#3 Z:\home\Yii\framework\web\CController.php(1146): CFilter->filter(Object(CFilterChain))
#4 Z:\home\Yii\framework\web\filters\CInlineFilter.php(59): CController->filterAccessControl(Object(CFilterChain))
#5 Z:\home\Yii\framework\web\filters\CFilterChain.php(131): CInlineFilter->filter(Object(CFilterChain))
#6 Z:\home\Yii\framework\web\CController.php(292): CFilterChain->run()
#7 Z:\home\Yii\framework\web\CController.php(266): CController->runActionWithFilters(Object(CInlineAction), Array)
#8 Z:\home\Yii\framework\web\CWebApplication.php(276): CController->run('keepAliveStatus')
#9 Z:\home\Yii\framework\web\CWebApplication.php(135): CWebApplication->runController('helptree/keepAl...')
#10 Z:\home\Yii\framework\base\CApplication.php(162): CWebApplication->processRequest()
#11 Z:\home\primus_yii2\www\index.php(13): CApplication->run()
#12 {main}
REQUEST_URI=/index.php/helptree/keepAliveStatus
HTTP_REFERER=http://primus_yii2/index.php/user/profile
---
2013/06/30 19:25:18 [error] [exception.CHttpException.400] exception 'CHttpException' with message 'Некорректный запрос.' in Z:\home\Yii\framework\web\CController.php:337
Stack trace:
#0 Z:\home\Yii\framework\web\CController.php(310): CController->invalidActionParams(Object(CInlineAction))
#1 Z:\home\Yii\framework\web\filters\CFilterChain.php(134): CController->runAction(Object(CInlineAction))
#2 Z:\home\Yii\framework\web\filters\CFilter.php(41): CFilterChain->run()
#3 Z:\home\Yii\framework\web\CController.php(1146): CFilter->filter(Object(CFilterChain))
#4 Z:\home\Yii\framework\web\filters\CInlineFilter.php(59): CController->filterAccessControl(Object(CFilterChain))
#5 Z:\home\Yii\framework\web\filters\CFilterChain.php(131): CInlineFilter->filter(Object(CFilterChain))
#6 Z:\home\Yii\framework\web\CController.php(292): CFilterChain->run()
#7 Z:\home\Yii\framework\web\CController.php(266): CController->runActionWithFilters(Object(CInlineAction), Array)
#8 Z:\home\Yii\framework\web\CWebApplication.php(276): CController->run('keepAliveStatus')
#9 Z:\home\Yii\framework\web\CWebApplication.php(135): CWebApplication->runController('helptree/keepAl...')
#10 Z:\home\Yii\framework\base\CApplication.php(162): CWebApplication->processRequest()
#11 Z:\home\primus_yii2\www\index.php(13): CApplication->run()
#12 {main}
REQUEST_URI=/index.php/helptree/keepAliveStatus
HTTP_REFERER=http://primus_yii2/index.php/user/profile
---
2013/06/30 19:26:18 [error] [exception.CHttpException.400] exception 'CHttpException' with message 'Некорректный запрос.' in Z:\home\Yii\framework\web\CController.php:337
Stack trace:
#0 Z:\home\Yii\framework\web\CController.php(310): CController->invalidActionParams(Object(CInlineAction))
#1 Z:\home\Yii\framework\web\filters\CFilterChain.php(134): CController->runAction(Object(CInlineAction))
#2 Z:\home\Yii\framework\web\filters\CFilter.php(41): CFilterChain->run()
#3 Z:\home\Yii\framework\web\CController.php(1146): CFilter->filter(Object(CFilterChain))
#4 Z:\home\Yii\framework\web\filters\CInlineFilter.php(59): CController->filterAccessControl(Object(CFilterChain))
#5 Z:\home\Yii\framework\web\filters\CFilterChain.php(131): CInlineFilter->filter(Object(CFilterChain))
#6 Z:\home\Yii\framework\web\CController.php(292): CFilterChain->run()
#7 Z:\home\Yii\framework\web\CController.php(266): CController->runActionWithFilters(Object(CInlineAction), Array)
#8 Z:\home\Yii\framework\web\CWebApplication.php(276): CController->run('keepAliveStatus')
#9 Z:\home\Yii\framework\web\CWebApplication.php(135): CWebApplication->runController('helptree/keepAl...')
#10 Z:\home\Yii\framework\base\CApplication.php(162): CWebApplication->processRequest()
#11 Z:\home\primus_yii2\www\index.php(13): CApplication->run()
#12 {main}
REQUEST_URI=/index.php/helptree/keepAliveStatus
HTTP_REFERER=http://primus_yii2/index.php/user/profile
---
2013/06/30 19:27:18 [error] [exception.CHttpException.400] exception 'CHttpException' with message 'Некорректный запрос.' in Z:\home\Yii\framework\web\CController.php:337
Stack trace:
#0 Z:\home\Yii\framework\web\CController.php(310): CController->invalidActionParams(Object(CInlineAction))
#1 Z:\home\Yii\framework\web\filters\CFilterChain.php(134): CController->runAction(Object(CInlineAction))
#2 Z:\home\Yii\framework\web\filters\CFilter.php(41): CFilterChain->run()
#3 Z:\home\Yii\framework\web\CController.php(1146): CFilter->filter(Object(CFilterChain))
#4 Z:\home\Yii\framework\web\filters\CInlineFilter.php(59): CController->filterAccessControl(Object(CFilterChain))
#5 Z:\home\Yii\framework\web\filters\CFilterChain.php(131): CInlineFilter->filter(Object(CFilterChain))
#6 Z:\home\Yii\framework\web\CController.php(292): CFilterChain->run()
#7 Z:\home\Yii\framework\web\CController.php(266): CController->runActionWithFilters(Object(CInlineAction), Array)
#8 Z:\home\Yii\framework\web\CWebApplication.php(276): CController->run('keepAliveStatus')
#9 Z:\home\Yii\framework\web\CWebApplication.php(135): CWebApplication->runController('helptree/keepAl...')
#10 Z:\home\Yii\framework\base\CApplication.php(162): CWebApplication->processRequest()
#11 Z:\home\primus_yii2\www\index.php(13): CApplication->run()
#12 {main}
REQUEST_URI=/index.php/helptree/keepAliveStatus
HTTP_REFERER=http://primus_yii2/index.php/user/profile
---
2013/06/30 19:28:18 [error] [exception.CHttpException.400] exception 'CHttpException' with message 'Некорректный запрос.' in Z:\home\Yii\framework\web\CController.php:337
Stack trace:
#0 Z:\home\Yii\framework\web\CController.php(310): CController->invalidActionParams(Object(CInlineAction))
#1 Z:\home\Yii\framework\web\filters\CFilterChain.php(134): CController->runAction(Object(CInlineAction))
#2 Z:\home\Yii\framework\web\filters\CFilter.php(41): CFilterChain->run()
#3 Z:\home\Yii\framework\web\CController.php(1146): CFilter->filter(Object(CFilterChain))
#4 Z:\home\Yii\framework\web\filters\CInlineFilter.php(59): CController->filterAccessControl(Object(CFilterChain))
#5 Z:\home\Yii\framework\web\filters\CFilterChain.php(131): CInlineFilter->filter(Object(CFilterChain))
#6 Z:\home\Yii\framework\web\CController.php(292): CFilterChain->run()
#7 Z:\home\Yii\framework\web\CController.php(266): CController->runActionWithFilters(Object(CInlineAction), Array)
#8 Z:\home\Yii\framework\web\CWebApplication.php(276): CController->run('keepAliveStatus')
#9 Z:\home\Yii\framework\web\CWebApplication.php(135): CWebApplication->runController('helptree/keepAl...')
#10 Z:\home\Yii\framework\base\CApplication.php(162): CWebApplication->processRequest()
#11 Z:\home\primus_yii2\www\index.php(13): CApplication->run()
#12 {main}
REQUEST_URI=/index.php/helptree/keepAliveStatus
HTTP_REFERER=http://primus_yii2/index.php/user/profile
---
2013/06/30 19:29:18 [error] [exception.CHttpException.400] exception 'CHttpException' with message 'Некорректный запрос.' in Z:\home\Yii\framework\web\CController.php:337
Stack trace:
#0 Z:\home\Yii\framework\web\CController.php(310): CController->invalidActionParams(Object(CInlineAction))
#1 Z:\home\Yii\framework\web\filters\CFilterChain.php(134): CController->runAction(Object(CInlineAction))
#2 Z:\home\Yii\framework\web\filters\CFilter.php(41): CFilterChain->run()
#3 Z:\home\Yii\framework\web\CController.php(1146): CFilter->filter(Object(CFilterChain))
#4 Z:\home\Yii\framework\web\filters\CInlineFilter.php(59): CController->filterAccessControl(Object(CFilterChain))
#5 Z:\home\Yii\framework\web\filters\CFilterChain.php(131): CInlineFilter->filter(Object(CFilterChain))
#6 Z:\home\Yii\framework\web\CController.php(292): CFilterChain->run()
#7 Z:\home\Yii\framework\web\CController.php(266): CController->runActionWithFilters(Object(CInlineAction), Array)
#8 Z:\home\Yii\framework\web\CWebApplication.php(276): CController->run('keepAliveStatus')
#9 Z:\home\Yii\framework\web\CWebApplication.php(135): CWebApplication->runController('helptree/keepAl...')
#10 Z:\home\Yii\framework\base\CApplication.php(162): CWebApplication->processRequest()
#11 Z:\home\primus_yii2\www\index.php(13): CApplication->run()
#12 {main}
REQUEST_URI=/index.php/helptree/keepAliveStatus
HTTP_REFERER=http://primus_yii2/index.php/user/profile
---
2013/06/30 19:30:05 [error] [exception.CHttpException.404] exception 'CHttpException' with message 'Системе не удалось найти запрашиваемое действие "images".' in Z:\home\Yii\framework\web\CController.php:484
Stack trace:
#0 Z:\home\Yii\framework\web\CController.php(271): CController->missingAction('images')
#1 Z:\home\Yii\framework\web\CWebApplication.php(276): CController->run('images')
#2 Z:\home\Yii\framework\web\CWebApplication.php(135): CWebApplication->runController('helptree/images...')
#3 Z:\home\Yii\framework\base\CApplication.php(162): CWebApplication->processRequest()
#4 Z:\home\primus_yii2\www\index.php(13): CApplication->run()
#5 {main}
REQUEST_URI=/index.php/helptree/images/loading.gif
HTTP_REFERER=http://primus_yii2/index.php/helptree/index
---
2013/06/30 19:30:05 [error] [exception.CHttpException.404] exception 'CHttpException' with message 'Системе не удалось найти запрашиваемое действие "images".' in Z:\home\Yii\framework\web\CController.php:484
Stack trace:
#0 Z:\home\Yii\framework\web\CController.php(271): CController->missingAction('images')
#1 Z:\home\Yii\framework\web\CWebApplication.php(276): CController->run('images')
#2 Z:\home\Yii\framework\web\CWebApplication.php(135): CWebApplication->runController('helptree/images...')
#3 Z:\home\Yii\framework\base\CApplication.php(162): CWebApplication->processRequest()
#4 Z:\home\primus_yii2\www\index.php(13): CApplication->run()
#5 {main}
REQUEST_URI=/index.php/helptree/images/close.png
HTTP_REFERER=http://primus_yii2/index.php/helptree/index
---
2013/06/30 19:37:25 [error] [exception.CHttpException.404] exception 'CHttpException' with message 'Системе не удалось найти запрашиваемое действие "images".' in Z:\home\Yii\framework\web\CController.php:484
Stack trace:
#0 Z:\home\Yii\framework\web\CController.php(271): CController->missingAction('images')
#1 Z:\home\Yii\framework\web\CWebApplication.php(276): CController->run('images')
#2 Z:\home\Yii\framework\web\CWebApplication.php(135): CWebApplication->runController('helptree/images...')
#3 Z:\home\Yii\framework\base\CApplication.php(162): CWebApplication->processRequest()
#4 Z:\home\primus_yii2\www\index.php(13): CApplication->run()
#5 {main}
REQUEST_URI=/index.php/helptree/images/loading.gif
HTTP_REFERER=http://primus_yii2/index.php/helptree/index
---
2013/06/30 19:37:25 [error] [exception.CHttpException.404] exception 'CHttpException' with message 'Системе не удалось найти запрашиваемое действие "images".' in Z:\home\Yii\framework\web\CController.php:484
Stack trace:
#0 Z:\home\Yii\framework\web\CController.php(271): CController->missingAction('images')
#1 Z:\home\Yii\framework\web\CWebApplication.php(276): CController->run('images')
#2 Z:\home\Yii\framework\web\CWebApplication.php(135): CWebApplication->runController('helptree/images...')
#3 Z:\home\Yii\framework\base\CApplication.php(162): CWebApplication->processRequest()
#4 Z:\home\primus_yii2\www\index.php(13): CApplication->run()
#5 {main}
REQUEST_URI=/index.php/helptree/images/close.png
HTTP_REFERER=http://primus_yii2/index.php/helptree/index
---
2013/06/30 19:37:44 [error] [exception.CHttpException.404] exception 'CHttpException' with message 'Файл не найден' in Z:\home\primus_yii2\www\protected\controllers\HelptreeController.php:234
Stack trace:
#0 [internal function]: HelptreeController->actionDownloadFile('?????????????? ...')
#1 Z:\home\Yii\framework\web\actions\CAction.php(107): ReflectionMethod->invokeArgs(Object(HelptreeController), Array)
#2 Z:\home\Yii\framework\web\actions\CInlineAction.php(48): CAction->runWithParamsInternal(Object(HelptreeController), Object(ReflectionMethod), Array)
#3 Z:\home\Yii\framework\web\CController.php(309): CInlineAction->runWithParams(Array)
#4 Z:\home\Yii\framework\web\filters\CFilterChain.php(134): CController->runAction(Object(CInlineAction))
#5 Z:\home\Yii\framework\web\filters\CFilter.php(41): CFilterChain->run()
#6 Z:\home\Yii\framework\web\CController.php(1146): CFilter->filter(Object(CFilterChain))
#7 Z:\home\Yii\framework\web\filters\CInlineFilter.php(59): CController->filterAccessControl(Object(CFilterChain))
#8 Z:\home\Yii\framework\web\filters\CFilterChain.php(131): CInlineFilter->filter(Object(CFilterChain))
#9 Z:\home\Yii\framework\web\CController.php(292): CFilterChain->run()
#10 Z:\home\Yii\framework\web\CController.php(266): CController->runActionWithFilters(Object(CInlineAction), Array)
#11 Z:\home\Yii\framework\web\CWebApplication.php(276): CController->run('DownloadFile')
#12 Z:\home\Yii\framework\web\CWebApplication.php(135): CWebApplication->runController('helptree/Downlo...')
#13 Z:\home\Yii\framework\base\CApplication.php(162): CWebApplication->processRequest()
#14 Z:\home\primus_yii2\www\index.php(13): CApplication->run()
#15 {main}
REQUEST_URI=/index.php/helptree/DownloadFile?filename=%D0%94%D0%BE%D0%B3%D0%BE%D0%B2%D0%BE%D1%80+%D0%A5%D0%98%D0%9C%D0%9C%D0%90%D0%A8+%D0%A1%D0%A2%D0%90%D0%A0%D0%A2_12_5.doc
HTTP_REFERER=http://primus_yii2/index.php/helptree/update/20
---
2013/06/30 19:41:26 [error] [exception.CHttpException.404] exception 'CHttpException' with message 'Системе не удалось найти запрашиваемое действие "images".' in Z:\home\Yii\framework\web\CController.php:484
Stack trace:
#0 Z:\home\Yii\framework\web\CController.php(271): CController->missingAction('images')
#1 Z:\home\Yii\framework\web\CWebApplication.php(276): CController->run('images')
#2 Z:\home\Yii\framework\web\CWebApplication.php(135): CWebApplication->runController('helptree/images...')
#3 Z:\home\Yii\framework\base\CApplication.php(162): CWebApplication->processRequest()
#4 Z:\home\primus_yii2\www\index.php(13): CApplication->run()
#5 {main}
REQUEST_URI=/index.php/helptree/images/loading.gif
HTTP_REFERER=http://primus_yii2/index.php/helptree/index
---
2013/06/30 19:41:26 [error] [exception.CHttpException.404] exception 'CHttpException' with message 'Системе не удалось найти запрашиваемое действие "images".' in Z:\home\Yii\framework\web\CController.php:484
Stack trace:
#0 Z:\home\Yii\framework\web\CController.php(271): CController->missingAction('images')
#1 Z:\home\Yii\framework\web\CWebApplication.php(276): CController->run('images')
#2 Z:\home\Yii\framework\web\CWebApplication.php(135): CWebApplication->runController('helptree/images...')
#3 Z:\home\Yii\framework\base\CApplication.php(162): CWebApplication->processRequest()
#4 Z:\home\primus_yii2\www\index.php(13): CApplication->run()
#5 {main}
REQUEST_URI=/index.php/helptree/images/close.png
HTTP_REFERER=http://primus_yii2/index.php/helptree/index
---
2013/06/30 19:41:52 [error] [exception.CHttpException.404] exception 'CHttpException' with message 'Системе не удалось найти запрашиваемое действие "images".' in Z:\home\Yii\framework\web\CController.php:484
Stack trace:
#0 Z:\home\Yii\framework\web\CController.php(271): CController->missingAction('images')
#1 Z:\home\Yii\framework\web\CWebApplication.php(276): CController->run('images')
#2 Z:\home\Yii\framework\web\CWebApplication.php(135): CWebApplication->runController('helptree/images...')
#3 Z:\home\Yii\framework\base\CApplication.php(162): CWebApplication->processRequest()
#4 Z:\home\primus_yii2\www\index.php(13): CApplication->run()
#5 {main}
REQUEST_URI=/index.php/helptree/images/loading.gif
HTTP_REFERER=http://primus_yii2/index.php/helptree/index
---
2013/06/30 19:41:52 [error] [exception.CHttpException.404] exception 'CHttpException' with message 'Системе не удалось найти запрашиваемое действие "images".' in Z:\home\Yii\framework\web\CController.php:484
Stack trace:
#0 Z:\home\Yii\framework\web\CController.php(271): CController->missingAction('images')
#1 Z:\home\Yii\framework\web\CWebApplication.php(276): CController->run('images')
#2 Z:\home\Yii\framework\web\CWebApplication.php(135): CWebApplication->runController('helptree/images...')
#3 Z:\home\Yii\framework\base\CApplication.php(162): CWebApplication->processRequest()
#4 Z:\home\primus_yii2\www\index.php(13): CApplication->run()
#5 {main}
REQUEST_URI=/index.php/helptree/images/close.png
HTTP_REFERER=http://primus_yii2/index.php/helptree/index
---
2013/06/30 19:42:13 [warning] [application] Не удалось присвоить небезопасный атрибут "etype" класса "Helptree".
in Z:\home\primus_yii2\www\protected\controllers\HelptreeController.php (112)
in Z:\home\primus_yii2\www\index.php (13)
2013/06/30 19:42:14 [error] [exception.CHttpException.404] exception 'CHttpException' with message 'Системе не удалось найти запрашиваемое действие "images".' in Z:\home\Yii\framework\web\CController.php:484
Stack trace:
#0 Z:\home\Yii\framework\web\CController.php(271): CController->missingAction('images')
#1 Z:\home\Yii\framework\web\CWebApplication.php(276): CController->run('images')
#2 Z:\home\Yii\framework\web\CWebApplication.php(135): CWebApplication->runController('helptree/images...')
#3 Z:\home\Yii\framework\base\CApplication.php(162): CWebApplication->processRequest()
#4 Z:\home\primus_yii2\www\index.php(13): CApplication->run()
#5 {main}
REQUEST_URI=/index.php/helptree/images/loading.gif
HTTP_REFERER=http://primus_yii2/index.php/helptree/index
---
2013/06/30 19:42:14 [error] [exception.CHttpException.404] exception 'CHttpException' with message 'Системе не удалось найти запрашиваемое действие "images".' in Z:\home\Yii\framework\web\CController.php:484
Stack trace:
#0 Z:\home\Yii\framework\web\CController.php(271): CController->missingAction('images')
#1 Z:\home\Yii\framework\web\CWebApplication.php(276): CController->run('images')
#2 Z:\home\Yii\framework\web\CWebApplication.php(135): CWebApplication->runController('helptree/images...')
#3 Z:\home\Yii\framework\base\CApplication.php(162): CWebApplication->processRequest()
#4 Z:\home\primus_yii2\www\index.php(13): CApplication->run()
#5 {main}
REQUEST_URI=/index.php/helptree/images/close.png
HTTP_REFERER=http://primus_yii2/index.php/helptree/index
---
2013/06/30 19:42:55 [warning] [application] Не удалось присвоить небезопасный атрибут "etype" класса "Helptree".
in Z:\home\primus_yii2\www\protected\controllers\HelptreeController.php (79)
in Z:\home\primus_yii2\www\index.php (13)
2013/06/30 19:42:56 [error] [exception.CHttpException.404] exception 'CHttpException' with message 'Системе не удалось найти запрашиваемое действие "images".' in Z:\home\Yii\framework\web\CController.php:484
Stack trace:
#0 Z:\home\Yii\framework\web\CController.php(271): CController->missingAction('images')
#1 Z:\home\Yii\framework\web\CWebApplication.php(276): CController->run('images')
#2 Z:\home\Yii\framework\web\CWebApplication.php(135): CWebApplication->runController('helptree/images...')
#3 Z:\home\Yii\framework\base\CApplication.php(162): CWebApplication->processRequest()
#4 Z:\home\primus_yii2\www\index.php(13): CApplication->run()
#5 {main}
REQUEST_URI=/index.php/helptree/images/loading.gif
HTTP_REFERER=http://primus_yii2/index.php/helptree/index
---
2013/06/30 19:42:56 [error] [exception.CHttpException.404] exception 'CHttpException' with message 'Системе не удалось найти запрашиваемое действие "images".' in Z:\home\Yii\framework\web\CController.php:484
Stack trace:
#0 Z:\home\Yii\framework\web\CController.php(271): CController->missingAction('images')
#1 Z:\home\Yii\framework\web\CWebApplication.php(276): CController->run('images')
#2 Z:\home\Yii\framework\web\CWebApplication.php(135): CWebApplication->runController('helptree/images...')
#3 Z:\home\Yii\framework\base\CApplication.php(162): CWebApplication->processRequest()
#4 Z:\home\primus_yii2\www\index.php(13): CApplication->run()
#5 {main}
REQUEST_URI=/index.php/helptree/images/close.png
HTTP_REFERER=http://primus_yii2/index.php/helptree/index
---
2013/06/30 19:43:43 [warning] [application] Не удалось присвоить небезопасный атрибут "etype" класса "Helptree".
in Z:\home\primus_yii2\www\protected\controllers\HelptreeController.php (79)
in Z:\home\primus_yii2\www\index.php (13)
2013/06/30 19:43:44 [error] [exception.CHttpException.404] exception 'CHttpException' with message 'Системе не удалось найти запрашиваемое действие "images".' in Z:\home\Yii\framework\web\CController.php:484
Stack trace:
#0 Z:\home\Yii\framework\web\CController.php(271): CController->missingAction('images')
#1 Z:\home\Yii\framework\web\CWebApplication.php(276): CController->run('images')
#2 Z:\home\Yii\framework\web\CWebApplication.php(135): CWebApplication->runController('helptree/images...')
#3 Z:\home\Yii\framework\base\CApplication.php(162): CWebApplication->processRequest()
#4 Z:\home\primus_yii2\www\index.php(13): CApplication->run()
#5 {main}
REQUEST_URI=/index.php/helptree/images/close.png
HTTP_REFERER=http://primus_yii2/index.php/helptree/index
---
2013/06/30 19:43:44 [error] [exception.CHttpException.404] exception 'CHttpException' with message 'Системе не удалось найти запрашиваемое действие "images".' in Z:\home\Yii\framework\web\CController.php:484
Stack trace:
#0 Z:\home\Yii\framework\web\CController.php(271): CController->missingAction('images')
#1 Z:\home\Yii\framework\web\CWebApplication.php(276): CController->run('images')
#2 Z:\home\Yii\framework\web\CWebApplication.php(135): CWebApplication->runController('helptree/images...')
#3 Z:\home\Yii\framework\base\CApplication.php(162): CWebApplication->processRequest()
#4 Z:\home\primus_yii2\www\index.php(13): CApplication->run()
#5 {main}
REQUEST_URI=/index.php/helptree/images/loading.gif
HTTP_REFERER=http://primus_yii2/index.php/helptree/index
---
2013/06/30 19:48:46 [error] [exception.CHttpException.404] exception 'CHttpException' with message 'Системе не удалось найти запрашиваемое действие "images".' in Z:\home\Yii\framework\web\CController.php:484
Stack trace:
#0 Z:\home\Yii\framework\web\CController.php(271): CController->missingAction('images')
#1 Z:\home\Yii\framework\web\CWebApplication.php(276): CController->run('images')
#2 Z:\home\Yii\framework\web\CWebApplication.php(135): CWebApplication->runController('helptree/images...')
#3 Z:\home\Yii\framework\base\CApplication.php(162): CWebApplication->processRequest()
#4 Z:\home\primus_yii2\www\index.php(13): CApplication->run()
#5 {main}
REQUEST_URI=/index.php/helptree/images/close.png
HTTP_REFERER=http://primus_yii2/index.php/helptree/index
---
2013/06/30 19:48:46 [error] [exception.CHttpException.404] exception 'CHttpException' with message 'Системе не удалось найти запрашиваемое действие "images".' in Z:\home\Yii\framework\web\CController.php:484
Stack trace:
#0 Z:\home\Yii\framework\web\CController.php(271): CController->missingAction('images')
#1 Z:\home\Yii\framework\web\CWebApplication.php(276): CController->run('images')
#2 Z:\home\Yii\framework\web\CWebApplication.php(135): CWebApplication->runController('helptree/images...')
#3 Z:\home\Yii\framework\base\CApplication.php(162): CWebApplication->processRequest()
#4 Z:\home\primus_yii2\www\index.php(13): CApplication->run()
#5 {main}
REQUEST_URI=/index.php/helptree/images/loading.gif
HTTP_REFERER=http://primus_yii2/index.php/helptree/index
---
2013/06/30 19:48:48 [error] [exception.CHttpException.404] exception 'CHttpException' with message 'Системе не удалось найти запрашиваемое действие "images".' in Z:\home\Yii\framework\web\CController.php:484
Stack trace:
#0 Z:\home\Yii\framework\web\CController.php(271): CController->missingAction('images')
#1 Z:\home\Yii\framework\web\CWebApplication.php(276): CController->run('images')
#2 Z:\home\Yii\framework\web\CWebApplication.php(135): CWebApplication->runController('trainingtree/im...')
#3 Z:\home\Yii\framework\base\CApplication.php(162): CWebApplication->processRequest()
#4 Z:\home\primus_yii2\www\index.php(13): CApplication->run()
#5 {main}
REQUEST_URI=/index.php/trainingtree/images/loading.gif
HTTP_REFERER=http://primus_yii2/index.php/trainingtree/index
---
2013/06/30 19:48:48 [error] [exception.CHttpException.404] exception 'CHttpException' with message 'Системе не удалось найти запрашиваемое действие "images".' in Z:\home\Yii\framework\web\CController.php:484
Stack trace:
#0 Z:\home\Yii\framework\web\CController.php(271): CController->missingAction('images')
#1 Z:\home\Yii\framework\web\CWebApplication.php(276): CController->run('images')
#2 Z:\home\Yii\framework\web\CWebApplication.php(135): CWebApplication->runController('trainingtree/im...')
#3 Z:\home\Yii\framework\base\CApplication.php(162): CWebApplication->processRequest()
#4 Z:\home\primus_yii2\www\index.php(13): CApplication->run()
#5 {main}
REQUEST_URI=/index.php/trainingtree/images/close.png
HTTP_REFERER=http://primus_yii2/index.php/trainingtree/index
---
2013/06/30 19:49:14 [error] [exception.CHttpException.404] exception 'CHttpException' with message 'Системе не удалось найти запрашиваемое действие "images".' in Z:\home\Yii\framework\web\CController.php:484
Stack trace:
#0 Z:\home\Yii\framework\web\CController.php(271): CController->missingAction('images')
#1 Z:\home\Yii\framework\web\CWebApplication.php(276): CController->run('images')
#2 Z:\home\Yii\framework\web\CWebApplication.php(135): CWebApplication->runController('trainingtree/im...')
#3 Z:\home\Yii\framework\base\CApplication.php(162): CWebApplication->processRequest()
#4 Z:\home\primus_yii2\www\index.php(13): CApplication->run()
#5 {main}
REQUEST_URI=/index.php/trainingtree/images/loading.gif
HTTP_REFERER=http://primus_yii2/index.php/trainingtree/index
---
2013/06/30 19:49:14 [error] [exception.CHttpException.404] exception 'CHttpException' with message 'Системе не удалось найти запрашиваемое действие "images".' in Z:\home\Yii\framework\web\CController.php:484
Stack trace:
#0 Z:\home\Yii\framework\web\CController.php(271): CController->missingAction('images')
#1 Z:\home\Yii\framework\web\CWebApplication.php(276): CController->run('images')
#2 Z:\home\Yii\framework\web\CWebApplication.php(135): CWebApplication->runController('trainingtree/im...')
#3 Z:\home\Yii\framework\base\CApplication.php(162): CWebApplication->processRequest()
#4 Z:\home\primus_yii2\www\index.php(13): CApplication->run()
#5 {main}
REQUEST_URI=/index.php/trainingtree/images/close.png
HTTP_REFERER=http://primus_yii2/index.php/trainingtree/index
---
2013/06/30 19:51:03 [error] [exception.CHttpException.404] exception 'CHttpException' with message 'Системе не удалось найти запрашиваемое действие "images".' in Z:\home\Yii\framework\web\CController.php:484
Stack trace:
#0 Z:\home\Yii\framework\web\CController.php(271): CController->missingAction('images')
#1 Z:\home\Yii\framework\web\CWebApplication.php(276): CController->run('images')
#2 Z:\home\Yii\framework\web\CWebApplication.php(135): CWebApplication->runController('helptree/images...')
#3 Z:\home\Yii\framework\base\CApplication.php(162): CWebApplication->processRequest()
#4 Z:\home\primus_yii2\www\index.php(13): CApplication->run()
#5 {main}
REQUEST_URI=/index.php/helptree/images/loading.gif
HTTP_REFERER=http://primus_yii2/index.php/helptree/index
---
2013/06/30 19:51:03 [error] [exception.CHttpException.404] exception 'CHttpException' with message 'Системе не удалось найти запрашиваемое действие "images".' in Z:\home\Yii\framework\web\CController.php:484
Stack trace:
#0 Z:\home\Yii\framework\web\CController.php(271): CController->missingAction('images')
#1 Z:\home\Yii\framework\web\CWebApplication.php(276): CController->run('images')
#2 Z:\home\Yii\framework\web\CWebApplication.php(135): CWebApplication->runController('helptree/images...')
#3 Z:\home\Yii\framework\base\CApplication.php(162): CWebApplication->processRequest()
#4 Z:\home\primus_yii2\www\index.php(13): CApplication->run()
#5 {main}
REQUEST_URI=/index.php/helptree/images/close.png
HTTP_REFERER=http://primus_yii2/index.php/helptree/index
---
2013/06/30 19:58:27 [error] [exception.CHttpException.404] exception 'CHttpException' with message 'Системе не удалось найти запрашиваемое действие "images".' in Z:\home\Yii\framework\web\CController.php:484
Stack trace:
#0 Z:\home\Yii\framework\web\CController.php(271): CController->missingAction('images')
#1 Z:\home\Yii\framework\web\CWebApplication.php(276): CController->run('images')
#2 Z:\home\Yii\framework\web\CWebApplication.php(135): CWebApplication->runController('trainingtree/im...')
#3 Z:\home\Yii\framework\base\CApplication.php(162): CWebApplication->processRequest()
#4 Z:\home\primus_yii2\www\index.php(13): CApplication->run()
#5 {main}
REQUEST_URI=/index.php/trainingtree/images/loading.gif
HTTP_REFERER=http://primus_yii2/index.php/trainingtree/index
---
2013/06/30 19:58:27 [error] [exception.CHttpException.404] exception 'CHttpException' with message 'Системе не удалось найти запрашиваемое действие "images".' in Z:\home\Yii\framework\web\CController.php:484
Stack trace:
#0 Z:\home\Yii\framework\web\CController.php(271): CController->missingAction('images')
#1 Z:\home\Yii\framework\web\CWebApplication.php(276): CController->run('images')
#2 Z:\home\Yii\framework\web\CWebApplication.php(135): CWebApplication->runController('trainingtree/im...')
#3 Z:\home\Yii\framework\base\CApplication.php(162): CWebApplication->processRequest()
#4 Z:\home\primus_yii2\www\index.php(13): CApplication->run()
#5 {main}
REQUEST_URI=/index.php/trainingtree/images/close.png
HTTP_REFERER=http://primus_yii2/index.php/trainingtree/index
---
