2013/06/06 12:17:43 [error] [php] Invalid argument supplied for foreach() (Z:\home\primus_yii2\www\protected\views\testtree\runtest.php:5)
Stack trace:
#0 Z:\home\Yii\framework\web\CController.php(869): TesttreeController->renderFile()
#1 Z:\home\primus_yii2\www\protected\controllers\TesttreeController.php(114): TesttreeController->renderPartial()
#2 unknown(0): TesttreeController->actionViewTest()
#3 Z:\home\Yii\framework\web\actions\CAction.php(108): ReflectionMethod->invokeArgs()
#4 Z:\home\Yii\framework\web\actions\CInlineAction.php(47): CInlineAction->runWithParamsInternal()
#5 Z:\home\Yii\framework\web\CController.php(308): CInlineAction->runWithParams()
#6 Z:\home\Yii\framework\web\filters\CFilterChain.php(133): TesttreeController->runAction()
#7 Z:\home\Yii\framework\web\filters\CFilter.php(40): CFilterChain->run()
#8 Z:\home\Yii\framework\web\CController.php(1145): CAccessControlFilter->filter()
#9 Z:\home\Yii\framework\web\filters\CInlineFilter.php(58): TesttreeController->filterAccessControl()
#10 Z:\home\Yii\framework\web\filters\CFilterChain.php(130): CInlineFilter->filter()
#11 Z:\home\Yii\framework\web\CController.php(291): CFilterChain->run()
#12 Z:\home\Yii\framework\web\CController.php(265): TesttreeController->runActionWithFilters()
#13 Z:\home\Yii\framework\web\CWebApplication.php(282): TesttreeController->run()
#14 Z:\home\Yii\framework\web\CWebApplication.php(141): CWebApplication->runController()
#15 Z:\home\Yii\framework\base\CApplication.php(169): CWebApplication->processRequest()
#16 Z:\home\primus_yii2\www\index.php(13): CWebApplication->run()
REQUEST_URI=/index.php/testtree/viewTest/24?_=1370506663664
in Z:\home\primus_yii2\www\protected\views\testtree\runtest.php (5)
in Z:\home\primus_yii2\www\protected\controllers\TesttreeController.php (114)
in Z:\home\primus_yii2\www\index.php (13)
2013/06/06 12:20:45 [error] [php] Invalid argument supplied for foreach() (Z:\home\primus_yii2\www\protected\views\testtree\runtest.php:5)
Stack trace:
#0 Z:\home\Yii\framework\web\CController.php(869): TesttreeController->renderFile()
#1 Z:\home\primus_yii2\www\protected\controllers\TesttreeController.php(114): TesttreeController->renderPartial()
#2 unknown(0): TesttreeController->actionViewTest()
#3 Z:\home\Yii\framework\web\actions\CAction.php(108): ReflectionMethod->invokeArgs()
#4 Z:\home\Yii\framework\web\actions\CInlineAction.php(47): CInlineAction->runWithParamsInternal()
#5 Z:\home\Yii\framework\web\CController.php(308): CInlineAction->runWithParams()
#6 Z:\home\Yii\framework\web\filters\CFilterChain.php(133): TesttreeController->runAction()
#7 Z:\home\Yii\framework\web\filters\CFilter.php(40): CFilterChain->run()
#8 Z:\home\Yii\framework\web\CController.php(1145): CAccessControlFilter->filter()
#9 Z:\home\Yii\framework\web\filters\CInlineFilter.php(58): TesttreeController->filterAccessControl()
#10 Z:\home\Yii\framework\web\filters\CFilterChain.php(130): CInlineFilter->filter()
#11 Z:\home\Yii\framework\web\CController.php(291): CFilterChain->run()
#12 Z:\home\Yii\framework\web\CController.php(265): TesttreeController->runActionWithFilters()
#13 Z:\home\Yii\framework\web\CWebApplication.php(282): TesttreeController->run()
#14 Z:\home\Yii\framework\web\CWebApplication.php(141): CWebApplication->runController()
#15 Z:\home\Yii\framework\base\CApplication.php(169): CWebApplication->processRequest()
#16 Z:\home\primus_yii2\www\index.php(13): CWebApplication->run()
REQUEST_URI=/index.php/testtree/viewTest/24?_=1370506845350
in Z:\home\primus_yii2\www\protected\views\testtree\runtest.php (5)
in Z:\home\primus_yii2\www\protected\controllers\TesttreeController.php (114)
in Z:\home\primus_yii2\www\index.php (13)
2013/06/06 12:21:18 [error] [php] Invalid argument supplied for foreach() (Z:\home\primus_yii2\www\protected\views\testtree\runtest.php:5)
Stack trace:
#0 Z:\home\Yii\framework\web\CController.php(869): TesttreeController->renderFile()
#1 Z:\home\primus_yii2\www\protected\controllers\TesttreeController.php(115): TesttreeController->renderPartial()
#2 unknown(0): TesttreeController->actionViewTest()
#3 Z:\home\Yii\framework\web\actions\CAction.php(108): ReflectionMethod->invokeArgs()
#4 Z:\home\Yii\framework\web\actions\CInlineAction.php(47): CInlineAction->runWithParamsInternal()
#5 Z:\home\Yii\framework\web\CController.php(308): CInlineAction->runWithParams()
#6 Z:\home\Yii\framework\web\filters\CFilterChain.php(133): TesttreeController->runAction()
#7 Z:\home\Yii\framework\web\filters\CFilter.php(40): CFilterChain->run()
#8 Z:\home\Yii\framework\web\CController.php(1145): CAccessControlFilter->filter()
#9 Z:\home\Yii\framework\web\filters\CInlineFilter.php(58): TesttreeController->filterAccessControl()
#10 Z:\home\Yii\framework\web\filters\CFilterChain.php(130): CInlineFilter->filter()
#11 Z:\home\Yii\framework\web\CController.php(291): CFilterChain->run()
#12 Z:\home\Yii\framework\web\CController.php(265): TesttreeController->runActionWithFilters()
#13 Z:\home\Yii\framework\web\CWebApplication.php(282): TesttreeController->run()
#14 Z:\home\Yii\framework\web\CWebApplication.php(141): CWebApplication->runController()
#15 Z:\home\Yii\framework\base\CApplication.php(169): CWebApplication->processRequest()
#16 Z:\home\primus_yii2\www\index.php(13): CWebApplication->run()
REQUEST_URI=/index.php/testtree/viewTest/24?_=1370506878196
in Z:\home\primus_yii2\www\protected\views\testtree\runtest.php (5)
in Z:\home\primus_yii2\www\protected\controllers\TesttreeController.php (115)
in Z:\home\primus_yii2\www\index.php (13)
2013/06/06 12:21:37 [error] [php] Invalid argument supplied for foreach() (Z:\home\primus_yii2\www\protected\views\testtree\runtest.php:5)
Stack trace:
#0 Z:\home\Yii\framework\web\CController.php(869): TesttreeController->renderFile()
#1 Z:\home\primus_yii2\www\protected\controllers\TesttreeController.php(115): TesttreeController->renderPartial()
#2 unknown(0): TesttreeController->actionViewTest()
#3 Z:\home\Yii\framework\web\actions\CAction.php(108): ReflectionMethod->invokeArgs()
#4 Z:\home\Yii\framework\web\actions\CInlineAction.php(47): CInlineAction->runWithParamsInternal()
#5 Z:\home\Yii\framework\web\CController.php(308): CInlineAction->runWithParams()
#6 Z:\home\Yii\framework\web\filters\CFilterChain.php(133): TesttreeController->runAction()
#7 Z:\home\Yii\framework\web\filters\CFilter.php(40): CFilterChain->run()
#8 Z:\home\Yii\framework\web\CController.php(1145): CAccessControlFilter->filter()
#9 Z:\home\Yii\framework\web\filters\CInlineFilter.php(58): TesttreeController->filterAccessControl()
#10 Z:\home\Yii\framework\web\filters\CFilterChain.php(130): CInlineFilter->filter()
#11 Z:\home\Yii\framework\web\CController.php(291): CFilterChain->run()
#12 Z:\home\Yii\framework\web\CController.php(265): TesttreeController->runActionWithFilters()
#13 Z:\home\Yii\framework\web\CWebApplication.php(282): TesttreeController->run()
#14 Z:\home\Yii\framework\web\CWebApplication.php(141): CWebApplication->runController()
#15 Z:\home\Yii\framework\base\CApplication.php(169): CWebApplication->processRequest()
#16 Z:\home\primus_yii2\www\index.php(13): CWebApplication->run()
REQUEST_URI=/index.php/testtree/viewTest/23?_=1370506896827
in Z:\home\primus_yii2\www\protected\views\testtree\runtest.php (5)
in Z:\home\primus_yii2\www\protected\controllers\TesttreeController.php (115)
in Z:\home\primus_yii2\www\index.php (13)
2013/06/06 12:21:39 [error] [php] Invalid argument supplied for foreach() (Z:\home\primus_yii2\www\protected\views\testtree\runtest.php:5)
Stack trace:
#0 Z:\home\Yii\framework\web\CController.php(869): TesttreeController->renderFile()
#1 Z:\home\primus_yii2\www\protected\controllers\TesttreeController.php(115): TesttreeController->renderPartial()
#2 unknown(0): TesttreeController->actionViewTest()
#3 Z:\home\Yii\framework\web\actions\CAction.php(108): ReflectionMethod->invokeArgs()
#4 Z:\home\Yii\framework\web\actions\CInlineAction.php(47): CInlineAction->runWithParamsInternal()
#5 Z:\home\Yii\framework\web\CController.php(308): CInlineAction->runWithParams()
#6 Z:\home\Yii\framework\web\filters\CFilterChain.php(133): TesttreeController->runAction()
#7 Z:\home\Yii\framework\web\filters\CFilter.php(40): CFilterChain->run()
#8 Z:\home\Yii\framework\web\CController.php(1145): CAccessControlFilter->filter()
#9 Z:\home\Yii\framework\web\filters\CInlineFilter.php(58): TesttreeController->filterAccessControl()
#10 Z:\home\Yii\framework\web\filters\CFilterChain.php(130): CInlineFilter->filter()
#11 Z:\home\Yii\framework\web\CController.php(291): CFilterChain->run()
#12 Z:\home\Yii\framework\web\CController.php(265): TesttreeController->runActionWithFilters()
#13 Z:\home\Yii\framework\web\CWebApplication.php(282): TesttreeController->run()
#14 Z:\home\Yii\framework\web\CWebApplication.php(141): CWebApplication->runController()
#15 Z:\home\Yii\framework\base\CApplication.php(169): CWebApplication->processRequest()
#16 Z:\home\primus_yii2\www\index.php(13): CWebApplication->run()
REQUEST_URI=/index.php/testtree/viewTest/24?_=1370506899289
in Z:\home\primus_yii2\www\protected\views\testtree\runtest.php (5)
in Z:\home\primus_yii2\www\protected\controllers\TesttreeController.php (115)
in Z:\home\primus_yii2\www\index.php (13)
2013/06/06 12:21:42 [error] [php] Invalid argument supplied for foreach() (Z:\home\primus_yii2\www\protected\views\testtree\runtest.php:5)
Stack trace:
#0 Z:\home\Yii\framework\web\CController.php(869): TesttreeController->renderFile()
#1 Z:\home\primus_yii2\www\protected\controllers\TesttreeController.php(115): TesttreeController->renderPartial()
#2 unknown(0): TesttreeController->actionViewTest()
#3 Z:\home\Yii\framework\web\actions\CAction.php(108): ReflectionMethod->invokeArgs()
#4 Z:\home\Yii\framework\web\actions\CInlineAction.php(47): CInlineAction->runWithParamsInternal()
#5 Z:\home\Yii\framework\web\CController.php(308): CInlineAction->runWithParams()
#6 Z:\home\Yii\framework\web\filters\CFilterChain.php(133): TesttreeController->runAction()
#7 Z:\home\Yii\framework\web\filters\CFilter.php(40): CFilterChain->run()
#8 Z:\home\Yii\framework\web\CController.php(1145): CAccessControlFilter->filter()
#9 Z:\home\Yii\framework\web\filters\CInlineFilter.php(58): TesttreeController->filterAccessControl()
#10 Z:\home\Yii\framework\web\filters\CFilterChain.php(130): CInlineFilter->filter()
#11 Z:\home\Yii\framework\web\CController.php(291): CFilterChain->run()
#12 Z:\home\Yii\framework\web\CController.php(265): TesttreeController->runActionWithFilters()
#13 Z:\home\Yii\framework\web\CWebApplication.php(282): TesttreeController->run()
#14 Z:\home\Yii\framework\web\CWebApplication.php(141): CWebApplication->runController()
#15 Z:\home\Yii\framework\base\CApplication.php(169): CWebApplication->processRequest()
#16 Z:\home\primus_yii2\www\index.php(13): CWebApplication->run()
REQUEST_URI=/index.php/testtree/viewTest/25?_=1370506901968
in Z:\home\primus_yii2\www\protected\views\testtree\runtest.php (5)
in Z:\home\primus_yii2\www\protected\controllers\TesttreeController.php (115)
in Z:\home\primus_yii2\www\index.php (13)
2013/06/06 12:21:55 [error] [php] Invalid argument supplied for foreach() (Z:\home\primus_yii2\www\protected\views\testtree\runtest.php:5)
Stack trace:
#0 Z:\home\Yii\framework\web\CController.php(869): TesttreeController->renderFile()
#1 Z:\home\primus_yii2\www\protected\controllers\TesttreeController.php(115): TesttreeController->renderPartial()
#2 unknown(0): TesttreeController->actionViewTest()
#3 Z:\home\Yii\framework\web\actions\CAction.php(108): ReflectionMethod->invokeArgs()
#4 Z:\home\Yii\framework\web\actions\CInlineAction.php(47): CInlineAction->runWithParamsInternal()
#5 Z:\home\Yii\framework\web\CController.php(308): CInlineAction->runWithParams()
#6 Z:\home\Yii\framework\web\filters\CFilterChain.php(133): TesttreeController->runAction()
#7 Z:\home\Yii\framework\web\filters\CFilter.php(40): CFilterChain->run()
#8 Z:\home\Yii\framework\web\CController.php(1145): CAccessControlFilter->filter()
#9 Z:\home\Yii\framework\web\filters\CInlineFilter.php(58): TesttreeController->filterAccessControl()
#10 Z:\home\Yii\framework\web\filters\CFilterChain.php(130): CInlineFilter->filter()
#11 Z:\home\Yii\framework\web\CController.php(291): CFilterChain->run()
#12 Z:\home\Yii\framework\web\CController.php(265): TesttreeController->runActionWithFilters()
#13 Z:\home\Yii\framework\web\CWebApplication.php(282): TesttreeController->run()
#14 Z:\home\Yii\framework\web\CWebApplication.php(141): CWebApplication->runController()
#15 Z:\home\Yii\framework\base\CApplication.php(169): CWebApplication->processRequest()
#16 Z:\home\primus_yii2\www\index.php(13): CWebApplication->run()
REQUEST_URI=/index.php/testtree/viewTest/23?_=1370506915498
in Z:\home\primus_yii2\www\protected\views\testtree\runtest.php (5)
in Z:\home\primus_yii2\www\protected\controllers\TesttreeController.php (115)
in Z:\home\primus_yii2\www\index.php (13)
2013/06/06 12:22:59 [error] [php] Invalid argument supplied for foreach() (Z:\home\primus_yii2\www\protected\views\testtree\runtest.php:5)
Stack trace:
#0 Z:\home\Yii\framework\web\CController.php(869): TesttreeController->renderFile()
#1 Z:\home\primus_yii2\www\protected\controllers\TesttreeController.php(115): TesttreeController->renderPartial()
#2 unknown(0): TesttreeController->actionViewTest()
#3 Z:\home\Yii\framework\web\actions\CAction.php(108): ReflectionMethod->invokeArgs()
#4 Z:\home\Yii\framework\web\actions\CInlineAction.php(47): CInlineAction->runWithParamsInternal()
#5 Z:\home\Yii\framework\web\CController.php(308): CInlineAction->runWithParams()
#6 Z:\home\Yii\framework\web\filters\CFilterChain.php(133): TesttreeController->runAction()
#7 Z:\home\Yii\framework\web\filters\CFilter.php(40): CFilterChain->run()
#8 Z:\home\Yii\framework\web\CController.php(1145): CAccessControlFilter->filter()
#9 Z:\home\Yii\framework\web\filters\CInlineFilter.php(58): TesttreeController->filterAccessControl()
#10 Z:\home\Yii\framework\web\filters\CFilterChain.php(130): CInlineFilter->filter()
#11 Z:\home\Yii\framework\web\CController.php(291): CFilterChain->run()
#12 Z:\home\Yii\framework\web\CController.php(265): TesttreeController->runActionWithFilters()
#13 Z:\home\Yii\framework\web\CWebApplication.php(282): TesttreeController->run()
#14 Z:\home\Yii\framework\web\CWebApplication.php(141): CWebApplication->runController()
#15 Z:\home\Yii\framework\base\CApplication.php(169): CWebApplication->processRequest()
#16 Z:\home\primus_yii2\www\index.php(13): CWebApplication->run()
REQUEST_URI=/index.php/testtree/viewTest/23?_=1370506979289
in Z:\home\primus_yii2\www\protected\views\testtree\runtest.php (5)
in Z:\home\primus_yii2\www\protected\controllers\TesttreeController.php (115)
in Z:\home\primus_yii2\www\index.php (13)
2013/06/06 12:23:02 [error] [php] Invalid argument supplied for foreach() (Z:\home\primus_yii2\www\protected\views\testtree\runtest.php:5)
Stack trace:
#0 Z:\home\Yii\framework\web\CController.php(869): TesttreeController->renderFile()
#1 Z:\home\primus_yii2\www\protected\controllers\TesttreeController.php(115): TesttreeController->renderPartial()
#2 unknown(0): TesttreeController->actionViewTest()
#3 Z:\home\Yii\framework\web\actions\CAction.php(108): ReflectionMethod->invokeArgs()
#4 Z:\home\Yii\framework\web\actions\CInlineAction.php(47): CInlineAction->runWithParamsInternal()
#5 Z:\home\Yii\framework\web\CController.php(308): CInlineAction->runWithParams()
#6 Z:\home\Yii\framework\web\filters\CFilterChain.php(133): TesttreeController->runAction()
#7 Z:\home\Yii\framework\web\filters\CFilter.php(40): CFilterChain->run()
#8 Z:\home\Yii\framework\web\CController.php(1145): CAccessControlFilter->filter()
#9 Z:\home\Yii\framework\web\filters\CInlineFilter.php(58): TesttreeController->filterAccessControl()
#10 Z:\home\Yii\framework\web\filters\CFilterChain.php(130): CInlineFilter->filter()
#11 Z:\home\Yii\framework\web\CController.php(291): CFilterChain->run()
#12 Z:\home\Yii\framework\web\CController.php(265): TesttreeController->runActionWithFilters()
#13 Z:\home\Yii\framework\web\CWebApplication.php(282): TesttreeController->run()
#14 Z:\home\Yii\framework\web\CWebApplication.php(141): CWebApplication->runController()
#15 Z:\home\Yii\framework\base\CApplication.php(169): CWebApplication->processRequest()
#16 Z:\home\primus_yii2\www\index.php(13): CWebApplication->run()
REQUEST_URI=/index.php/testtree/viewTest/24?_=1370506982636
in Z:\home\primus_yii2\www\protected\views\testtree\runtest.php (5)
in Z:\home\primus_yii2\www\protected\controllers\TesttreeController.php (115)
in Z:\home\primus_yii2\www\index.php (13)
2013/06/06 12:23:03 [error] [php] Invalid argument supplied for foreach() (Z:\home\primus_yii2\www\protected\views\testtree\runtest.php:5)
Stack trace:
#0 Z:\home\Yii\framework\web\CController.php(869): TesttreeController->renderFile()
#1 Z:\home\primus_yii2\www\protected\controllers\TesttreeController.php(115): TesttreeController->renderPartial()
#2 unknown(0): TesttreeController->actionViewTest()
#3 Z:\home\Yii\framework\web\actions\CAction.php(108): ReflectionMethod->invokeArgs()
#4 Z:\home\Yii\framework\web\actions\CInlineAction.php(47): CInlineAction->runWithParamsInternal()
#5 Z:\home\Yii\framework\web\CController.php(308): CInlineAction->runWithParams()
#6 Z:\home\Yii\framework\web\filters\CFilterChain.php(133): TesttreeController->runAction()
#7 Z:\home\Yii\framework\web\filters\CFilter.php(40): CFilterChain->run()
#8 Z:\home\Yii\framework\web\CController.php(1145): CAccessControlFilter->filter()
#9 Z:\home\Yii\framework\web\filters\CInlineFilter.php(58): TesttreeController->filterAccessControl()
#10 Z:\home\Yii\framework\web\filters\CFilterChain.php(130): CInlineFilter->filter()
#11 Z:\home\Yii\framework\web\CController.php(291): CFilterChain->run()
#12 Z:\home\Yii\framework\web\CController.php(265): TesttreeController->runActionWithFilters()
#13 Z:\home\Yii\framework\web\CWebApplication.php(282): TesttreeController->run()
#14 Z:\home\Yii\framework\web\CWebApplication.php(141): CWebApplication->runController()
#15 Z:\home\Yii\framework\base\CApplication.php(169): CWebApplication->processRequest()
#16 Z:\home\primus_yii2\www\index.php(13): CWebApplication->run()
REQUEST_URI=/index.php/testtree/viewTest/25?_=1370506983373
in Z:\home\primus_yii2\www\protected\views\testtree\runtest.php (5)
in Z:\home\primus_yii2\www\protected\controllers\TesttreeController.php (115)
in Z:\home\primus_yii2\www\index.php (13)
2013/06/06 12:23:04 [error] [php] Invalid argument supplied for foreach() (Z:\home\primus_yii2\www\protected\views\testtree\runtest.php:5)
Stack trace:
#0 Z:\home\Yii\framework\web\CController.php(869): TesttreeController->renderFile()
#1 Z:\home\primus_yii2\www\protected\controllers\TesttreeController.php(115): TesttreeController->renderPartial()
#2 unknown(0): TesttreeController->actionViewTest()
#3 Z:\home\Yii\framework\web\actions\CAction.php(108): ReflectionMethod->invokeArgs()
#4 Z:\home\Yii\framework\web\actions\CInlineAction.php(47): CInlineAction->runWithParamsInternal()
#5 Z:\home\Yii\framework\web\CController.php(308): CInlineAction->runWithParams()
#6 Z:\home\Yii\framework\web\filters\CFilterChain.php(133): TesttreeController->runAction()
#7 Z:\home\Yii\framework\web\filters\CFilter.php(40): CFilterChain->run()
#8 Z:\home\Yii\framework\web\CController.php(1145): CAccessControlFilter->filter()
#9 Z:\home\Yii\framework\web\filters\CInlineFilter.php(58): TesttreeController->filterAccessControl()
#10 Z:\home\Yii\framework\web\filters\CFilterChain.php(130): CInlineFilter->filter()
#11 Z:\home\Yii\framework\web\CController.php(291): CFilterChain->run()
#12 Z:\home\Yii\framework\web\CController.php(265): TesttreeController->runActionWithFilters()
#13 Z:\home\Yii\framework\web\CWebApplication.php(282): TesttreeController->run()
#14 Z:\home\Yii\framework\web\CWebApplication.php(141): CWebApplication->runController()
#15 Z:\home\Yii\framework\base\CApplication.php(169): CWebApplication->processRequest()
#16 Z:\home\primus_yii2\www\index.php(13): CWebApplication->run()
REQUEST_URI=/index.php/testtree/viewTest/23?_=1370506984131
in Z:\home\primus_yii2\www\protected\views\testtree\runtest.php (5)
in Z:\home\primus_yii2\www\protected\controllers\TesttreeController.php (115)
in Z:\home\primus_yii2\www\index.php (13)
